This file contains any messages produced by compilers while
running configure, to aid debugging if configure makes a mistake.

It was created by libibverbs configure 1.2.1mlnx1, which was
generated by GNU Autoconf 2.69.  Invocation command line was

  $ ./configure 

## --------- ##
## Platform. ##
## --------- ##

hostname = dojos-MacBook-Pro.local
uname -m = x86_64
uname -r = 16.7.0
uname -s = Darwin
uname -v = Darwin Kernel Version 16.7.0: Thu Jun 15 17:36:27 PDT 2017; root:xnu-3789.70.16~2/RELEASE_X86_64

/usr/bin/uname -p = i386
/bin/uname -X     = unknown

/bin/arch              = unknown
/usr/bin/arch -k       = unknown
/usr/convex/getsysinfo = unknown
/usr/bin/hostinfo      = Mach kernel version:
	 Darwin Kernel Version 16.7.0: Thu Jun 15 17:36:27 PDT 2017; root:xnu-3789.70.16~2/RELEASE_X86_64
Kernel configured for up to 4 processors.
2 processors are physically available.
4 processors are logically available.
Processor type: i486 (Intel 80486)
Processors active: 0 1 2 3
Primary memory available: 8.00 gigabytes
Default processor set: 265 tasks, 1113 threads, 4 processors
Load average: 2.09, Mach factor: 1.89
/bin/machine           = unknown
/usr/bin/oslevel       = unknown
/bin/universe          = unknown

PATH: /Library/Frameworks/Python.framework/Versions/3.6/bin
PATH: /usr/local/opt/parallel-netcdf/include
PATH: /Users/dojo/work/.npm/bin/
PATH: /usr/local/opt/sqlite/bin
PATH: /usr/local/opt/tcl-tk/bin
PATH: /usr/local/opt/sphinx-doc/bin
PATH: /usr/local/opt/readline/bin
PATH: /usr/local/opt/e2fsprogs/bin
PATH: /usr/local/opt/libxml2/bin
PATH: /usr/local/opt/libarchive/bin
PATH: /usr/local/opt/icu4c/sbin
PATH: /usr/local/opt/icu4c/bin
PATH: /usr/local/opt/gnu-getopt/bin
PATH: /usr/local/opt/bison/bin
PATH: /usr/local/opt/gettext/bin
PATH: /usr/local/opt/m4/bin
PATH: /usr/local/opt/gpatch/bin
PATH: /Users/dojo/.cargo/bin
PATH: /usr/local/opt/bison/bin
PATH: /usr/local/opt/gettext/bin
PATH: /usr/local/opt/m4/bin
PATH: /home/linuxbrew/.linuxbrew/bin
PATH: /Applications/Xcode.app/Contents/Developer/Toolchains/XcodeDefault.xctoolchain/usr/lib/clang/4.2/include
PATH: /usr/local/opt/texinfo/bin
PATH: /opt/local/bin
PATH: /opt/local/sbin
PATH: ~/work/.npm/bin
PATH: /Library/Developer/Toolchains/swift-latest.xctoolchain/usr/bin
PATH: /usr/local/heroku/bin
PATH: /usr/local/opt/qt/bin
PATH: /Applications/RStudio.app/Contents/MacOS
PATH: /usr/local/opt/dex2jar/bin
PATH: /usr/local/opt/libarchive/bin
PATH: /usr/local/opt/curl/bin
PATH: /usr/local/opt/mingw-w64/bin
PATH: /usr/local/opt/curl/bin
PATH: /usr/local/opt/gmp/lib
PATH: /usr/local/opt/make/bin
PATH: /usr/local/opt/cmake/bin
PATH: /usr/local/opt/gnu-sed/libexec/gnubin
PATH: /usr/local/opt/coreutils/libexec/gnubin
PATH: /usr/local/opt/binutils/lib
PATH: /usr/local/opt/binutils/include
PATH: /usr/local/opt/binutils/bin
PATH: /usr/local/opt/gc/lib/gcc/7
PATH: /usr/local/mysql/bin
PATH: /bin
PATH: /bin
PATH: /usr/local/bin
PATH: /usr/local
PATH: /usr/local/sbin
PATH: /usr/local/include
PATH: /usr/local/opt/valgrind/bin
PATH: /usr/local/opt/llvm/bin
PATH: /usr/local/opt/graphviz/bin
PATH: /usr/local/opt/opencv3/bin
PATH: /usr/local/bin
PATH: /usr/bin
PATH: /bin
PATH: /usr/sbin
PATH: /sbin
PATH: /opt/X11/bin
PATH: /Library/TeX/texbin
PATH: /usr/local/share/dotnet
PATH: /Library/Frameworks/Mono.framework/Versions/Current/Commands
PATH: /usr/local/opt/tomee-plus/libexec/bin
PATH: /usr/local/opt/node/bin
PATH: /Users/dojo/Library/Android/sdk/platform-tools
PATH: /Users/dojo/Library/Android/sdk/tools
PATH: /Users/dojo/golang/bin
PATH: /usr/local/opt/go/libexec/bin
PATH: /usr/local/opt/apache-spark/libexec
PATH: /usr/local/opt/apache-spark/bin
PATH: /usr/local/opt/apache-spark/libexec/sbin
PATH: /usr/local/opt/openssl/lib
PATH: /Volumes/data/WorkSpace


## ----------- ##
## Core tests. ##
## ----------- ##

configure:2446: checking for a BSD-compatible install
configure:2514: result: /usr/local/opt/coreutils/libexec/gnubin/install -c
configure:2525: checking whether build environment is sane
configure:2580: result: yes
configure:2731: checking for a thread-safe mkdir -p
configure:2770: result: /usr/local/opt/coreutils/libexec/gnubin/mkdir -p
configure:2777: checking for gawk
configure:2793: found /usr/local/bin/gawk
configure:2804: result: gawk
configure:2815: checking whether make sets $(MAKE)
configure:2837: result: yes
configure:2866: checking whether make supports nested variables
configure:2883: result: yes
configure:2972: checking whether UID '501' is supported by ustar format
configure:2975: result: yes
configure:2982: checking whether GID '20' is supported by ustar format
configure:2985: result: yes
configure:2993: checking how to create a ustar tar archive
configure:3004: tar --version
bsdtar 3.3.2 - libarchive 3.3.2 zlib/1.2.8 liblzma/5.2.3 bz2lib/1.0.6
configure:3007: $? = 0
configure:3047: tardir=conftest.dir && eval tar --format=ustar -chf - "$tardir" >conftest.tar
configure:3050: $? = 0
configure:3054: tar -xf - <conftest.tar
configure:3057: $? = 0
configure:3059: cat conftest.dir/file
GrepMe
configure:3062: $? = 0
configure:3075: result: gnutar
configure:3136: checking whether make supports nested variables
configure:3153: result: yes
configure:3213: checking for gcc
configure:3240: result: cc
configure:3469: checking for C compiler version
configure:3478: cc --version >&5
Apple LLVM version 8.1.0 (clang-802.0.42)
Target: x86_64-apple-darwin16.7.0
Thread model: posix
InstalledDir: /Applications/Xcode.app/Contents/Developer/Toolchains/XcodeDefault.xctoolchain/usr/bin
configure:3489: $? = 0
configure:3478: cc -v >&5
Apple LLVM version 8.1.0 (clang-802.0.42)
Target: x86_64-apple-darwin16.7.0
Thread model: posix
InstalledDir: /Applications/Xcode.app/Contents/Developer/Toolchains/XcodeDefault.xctoolchain/usr/bin
configure:3489: $? = 0
configure:3478: cc -V >&5
clang: error: argument to '-V' is missing (expected 1 value)
clang: error: no input files
configure:3489: $? = 1
configure:3478: cc -qversion >&5
clang: error: unknown argument: '-qversion'
clang: error: no input files
configure:3489: $? = 1
configure:3509: checking whether the C compiler works
configure:3531: cc -fomit-frame-pointer -funroll-loops  -ffast-math -Ofast -fno-signed-zeros -ffp-contract=fast -mmmx -msse -flto -maes    -I/usr/local/opt/lapack/include -I/usr/local/opt/openblas/include -I/usr/local/opt/llvm/include -I/usr/local/opt/sqlite/include -I/usr/local/opt/readline/include -I/usr/local/opt/openssl@1.1/include  -L/usr/local/opt/lapack/lib -L/usr/local/opt/openblas/lib -L/usr/local/opt/llvm/lib -L/usr/local/opt/sqlite/lib -L/usr/local/opt/readline/lib -L/usr/local/opt/openssl@1.1/lib  conftest.c  >&5
configure:3535: $? = 0
configure:3583: result: yes
configure:3586: checking for C compiler default output file name
configure:3588: result: a.out
configure:3594: checking for suffix of executables
configure:3601: cc -o conftest -fomit-frame-pointer -funroll-loops  -ffast-math -Ofast -fno-signed-zeros -ffp-contract=fast -mmmx -msse -flto -maes    -I/usr/local/opt/lapack/include -I/usr/local/opt/openblas/include -I/usr/local/opt/llvm/include -I/usr/local/opt/sqlite/include -I/usr/local/opt/readline/include -I/usr/local/opt/openssl@1.1/include  -L/usr/local/opt/lapack/lib -L/usr/local/opt/openblas/lib -L/usr/local/opt/llvm/lib -L/usr/local/opt/sqlite/lib -L/usr/local/opt/readline/lib -L/usr/local/opt/openssl@1.1/lib  conftest.c  >&5
configure:3605: $? = 0
configure:3627: result: 
configure:3649: checking whether we are cross compiling
configure:3657: cc -o conftest -fomit-frame-pointer -funroll-loops  -ffast-math -Ofast -fno-signed-zeros -ffp-contract=fast -mmmx -msse -flto -maes    -I/usr/local/opt/lapack/include -I/usr/local/opt/openblas/include -I/usr/local/opt/llvm/include -I/usr/local/opt/sqlite/include -I/usr/local/opt/readline/include -I/usr/local/opt/openssl@1.1/include  -L/usr/local/opt/lapack/lib -L/usr/local/opt/openblas/lib -L/usr/local/opt/llvm/lib -L/usr/local/opt/sqlite/lib -L/usr/local/opt/readline/lib -L/usr/local/opt/openssl@1.1/lib  conftest.c  >&5
configure:3661: $? = 0
configure:3668: ./conftest
configure:3672: $? = 0
configure:3687: result: no
configure:3692: checking for suffix of object files
configure:3714: cc -c -fomit-frame-pointer -funroll-loops  -ffast-math -Ofast -fno-signed-zeros -ffp-contract=fast -mmmx -msse -flto -maes    -I/usr/local/opt/lapack/include -I/usr/local/opt/openblas/include -I/usr/local/opt/llvm/include -I/usr/local/opt/sqlite/include -I/usr/local/opt/readline/include -I/usr/local/opt/openssl@1.1/include  conftest.c >&5
configure:3718: $? = 0
configure:3739: result: o
configure:3743: checking whether we are using the GNU C compiler
configure:3762: cc -c -fomit-frame-pointer -funroll-loops  -ffast-math -Ofast -fno-signed-zeros -ffp-contract=fast -mmmx -msse -flto -maes    -I/usr/local/opt/lapack/include -I/usr/local/opt/openblas/include -I/usr/local/opt/llvm/include -I/usr/local/opt/sqlite/include -I/usr/local/opt/readline/include -I/usr/local/opt/openssl@1.1/include  conftest.c >&5
configure:3762: $? = 0
configure:3771: result: yes
configure:3780: checking whether cc accepts -g
configure:3800: cc -c -g -I/usr/local/opt/lapack/include -I/usr/local/opt/openblas/include -I/usr/local/opt/llvm/include -I/usr/local/opt/sqlite/include -I/usr/local/opt/readline/include -I/usr/local/opt/openssl@1.1/include  conftest.c >&5
configure:3800: $? = 0
configure:3841: result: yes
configure:3858: checking for cc option to accept ISO C89
configure:3921: cc  -c -fomit-frame-pointer -funroll-loops  -ffast-math -Ofast -fno-signed-zeros -ffp-contract=fast -mmmx -msse -flto -maes    -I/usr/local/opt/lapack/include -I/usr/local/opt/openblas/include -I/usr/local/opt/llvm/include -I/usr/local/opt/sqlite/include -I/usr/local/opt/readline/include -I/usr/local/opt/openssl@1.1/include  conftest.c >&5
configure:3921: $? = 0
configure:3934: result: none needed
configure:3959: checking whether cc understands -c and -o together
configure:3981: cc -c conftest.c -o conftest2.o
configure:3984: $? = 0
configure:3981: cc -c conftest.c -o conftest2.o
configure:3984: $? = 0
configure:3996: result: yes
configure:4024: checking for style of include used by make
configure:4052: result: GNU
configure:4078: checking dependency style of cc
configure:4189: result: gcc3
configure:4316: checking for C++ compiler version
configure:4325: g++ --version >&5
Apple LLVM version 8.1.0 (clang-802.0.42)
Target: x86_64-apple-darwin16.7.0
Thread model: posix
InstalledDir: /Applications/Xcode.app/Contents/Developer/Toolchains/XcodeDefault.xctoolchain/usr/bin
Configured with: --prefix=/Applications/Xcode.app/Contents/Developer/usr --with-gxx-include-dir=/usr/include/c++/4.2.1
configure:4336: $? = 0
configure:4325: g++ -v >&5
Configured with: --prefix=/Applications/Xcode.app/Contents/Developer/usr --with-gxx-include-dir=/usr/include/c++/4.2.1
Apple LLVM version 8.1.0 (clang-802.0.42)
Target: x86_64-apple-darwin16.7.0
Thread model: posix
InstalledDir: /Applications/Xcode.app/Contents/Developer/Toolchains/XcodeDefault.xctoolchain/usr/bin
configure:4336: $? = 0
configure:4325: g++ -V >&5
clang: error: argument to '-V' is missing (expected 1 value)
clang: error: no input files
configure:4336: $? = 1
configure:4325: g++ -qversion >&5
clang: error: unknown argument: '-qversion'
clang: error: no input files
configure:4336: $? = 1
configure:4340: checking whether we are using the GNU C++ compiler
configure:4359: g++ -c  -I/usr/local/opt/lapack/include -I/usr/local/opt/openblas/include -I/usr/local/opt/llvm/include -I/usr/local/opt/sqlite/include -I/usr/local/opt/readline/include -I/usr/local/opt/openssl@1.1/include  conftest.cpp >&5
configure:4359: $? = 0
configure:4368: result: yes
configure:4377: checking whether g++ accepts -g
configure:4397: g++ -c -g -I/usr/local/opt/lapack/include -I/usr/local/opt/openblas/include -I/usr/local/opt/llvm/include -I/usr/local/opt/sqlite/include -I/usr/local/opt/readline/include -I/usr/local/opt/openssl@1.1/include  conftest.cpp >&5
configure:4397: $? = 0
configure:4438: result: yes
configure:4463: checking dependency style of g++
configure:4574: result: gcc3
configure:4595: checking how to run the C preprocessor
configure:4665: result: cc -E
configure:4685: cc -E -I/usr/local/opt/lapack/include -I/usr/local/opt/openblas/include -I/usr/local/opt/llvm/include -I/usr/local/opt/sqlite/include -I/usr/local/opt/readline/include -I/usr/local/opt/openssl@1.1/include  conftest.c
configure:4685: $? = 0
configure:4699: cc -E -I/usr/local/opt/lapack/include -I/usr/local/opt/openblas/include -I/usr/local/opt/llvm/include -I/usr/local/opt/sqlite/include -I/usr/local/opt/readline/include -I/usr/local/opt/openssl@1.1/include  conftest.c
conftest.c:11:10: fatal error: 'ac_nonexistent.h' file not found
#include <ac_nonexistent.h>
         ^
1 error generated.
configure:4699: $? = 1
configure: failed program was:
| /* confdefs.h */
| #define PACKAGE_NAME "libibverbs"
| #define PACKAGE_TARNAME "libibverbs"
| #define PACKAGE_VERSION "1.2.1mlnx1"
| #define PACKAGE_STRING "libibverbs 1.2.1mlnx1"
| #define PACKAGE_BUGREPORT "linux-rdma@vger.kernel.org"
| #define PACKAGE_URL ""
| #define PACKAGE "libibverbs"
| #define VERSION "1.2.1mlnx1"
| /* end confdefs.h.  */
| #include <ac_nonexistent.h>
configure:4728: checking for grep that handles long lines and -e
configure:4786: result: /usr/local/bin/grep
configure:4791: checking for egrep
configure:4853: result: /usr/local/bin/grep -E
configure:4858: checking for ANSI C header files
configure:4878: cc -c -fomit-frame-pointer -funroll-loops  -ffast-math -Ofast -fno-signed-zeros -ffp-contract=fast -mmmx -msse -flto -maes    -I/usr/local/opt/lapack/include -I/usr/local/opt/openblas/include -I/usr/local/opt/llvm/include -I/usr/local/opt/sqlite/include -I/usr/local/opt/readline/include -I/usr/local/opt/openssl@1.1/include  conftest.c >&5
configure:4878: $? = 0
configure:4951: cc -o conftest -fomit-frame-pointer -funroll-loops  -ffast-math -Ofast -fno-signed-zeros -ffp-contract=fast -mmmx -msse -flto -maes    -I/usr/local/opt/lapack/include -I/usr/local/opt/openblas/include -I/usr/local/opt/llvm/include -I/usr/local/opt/sqlite/include -I/usr/local/opt/readline/include -I/usr/local/opt/openssl@1.1/include  -L/usr/local/opt/lapack/lib -L/usr/local/opt/openblas/lib -L/usr/local/opt/llvm/lib -L/usr/local/opt/sqlite/lib -L/usr/local/opt/readline/lib -L/usr/local/opt/openssl@1.1/lib  conftest.c  >&5
configure:4951: $? = 0
configure:4951: ./conftest
configure:4951: $? = 0
configure:4962: result: yes
configure:4975: checking for sys/types.h
configure:4975: cc -c -fomit-frame-pointer -funroll-loops  -ffast-math -Ofast -fno-signed-zeros -ffp-contract=fast -mmmx -msse -flto -maes    -I/usr/local/opt/lapack/include -I/usr/local/opt/openblas/include -I/usr/local/opt/llvm/include -I/usr/local/opt/sqlite/include -I/usr/local/opt/readline/include -I/usr/local/opt/openssl@1.1/include  conftest.c >&5
configure:4975: $? = 0
configure:4975: result: yes
configure:4975: checking for sys/stat.h
configure:4975: cc -c -fomit-frame-pointer -funroll-loops  -ffast-math -Ofast -fno-signed-zeros -ffp-contract=fast -mmmx -msse -flto -maes    -I/usr/local/opt/lapack/include -I/usr/local/opt/openblas/include -I/usr/local/opt/llvm/include -I/usr/local/opt/sqlite/include -I/usr/local/opt/readline/include -I/usr/local/opt/openssl@1.1/include  conftest.c >&5
configure:4975: $? = 0
configure:4975: result: yes
configure:4975: checking for stdlib.h
configure:4975: cc -c -fomit-frame-pointer -funroll-loops  -ffast-math -Ofast -fno-signed-zeros -ffp-contract=fast -mmmx -msse -flto -maes    -I/usr/local/opt/lapack/include -I/usr/local/opt/openblas/include -I/usr/local/opt/llvm/include -I/usr/local/opt/sqlite/include -I/usr/local/opt/readline/include -I/usr/local/opt/openssl@1.1/include  conftest.c >&5
configure:4975: $? = 0
configure:4975: result: yes
configure:4975: checking for string.h
configure:4975: cc -c -fomit-frame-pointer -funroll-loops  -ffast-math -Ofast -fno-signed-zeros -ffp-contract=fast -mmmx -msse -flto -maes    -I/usr/local/opt/lapack/include -I/usr/local/opt/openblas/include -I/usr/local/opt/llvm/include -I/usr/local/opt/sqlite/include -I/usr/local/opt/readline/include -I/usr/local/opt/openssl@1.1/include  conftest.c >&5
configure:4975: $? = 0
configure:4975: result: yes
configure:4975: checking for memory.h
configure:4975: cc -c -fomit-frame-pointer -funroll-loops  -ffast-math -Ofast -fno-signed-zeros -ffp-contract=fast -mmmx -msse -flto -maes    -I/usr/local/opt/lapack/include -I/usr/local/opt/openblas/include -I/usr/local/opt/llvm/include -I/usr/local/opt/sqlite/include -I/usr/local/opt/readline/include -I/usr/local/opt/openssl@1.1/include  conftest.c >&5
configure:4975: $? = 0
configure:4975: result: yes
configure:4975: checking for strings.h
configure:4975: cc -c -fomit-frame-pointer -funroll-loops  -ffast-math -Ofast -fno-signed-zeros -ffp-contract=fast -mmmx -msse -flto -maes    -I/usr/local/opt/lapack/include -I/usr/local/opt/openblas/include -I/usr/local/opt/llvm/include -I/usr/local/opt/sqlite/include -I/usr/local/opt/readline/include -I/usr/local/opt/openssl@1.1/include  conftest.c >&5
configure:4975: $? = 0
configure:4975: result: yes
configure:4975: checking for inttypes.h
configure:4975: cc -c -fomit-frame-pointer -funroll-loops  -ffast-math -Ofast -fno-signed-zeros -ffp-contract=fast -mmmx -msse -flto -maes    -I/usr/local/opt/lapack/include -I/usr/local/opt/openblas/include -I/usr/local/opt/llvm/include -I/usr/local/opt/sqlite/include -I/usr/local/opt/readline/include -I/usr/local/opt/openssl@1.1/include  conftest.c >&5
configure:4975: $? = 0
configure:4975: result: yes
configure:4975: checking for stdint.h
configure:4975: cc -c -fomit-frame-pointer -funroll-loops  -ffast-math -Ofast -fno-signed-zeros -ffp-contract=fast -mmmx -msse -flto -maes    -I/usr/local/opt/lapack/include -I/usr/local/opt/openblas/include -I/usr/local/opt/llvm/include -I/usr/local/opt/sqlite/include -I/usr/local/opt/readline/include -I/usr/local/opt/openssl@1.1/include  conftest.c >&5
configure:4975: $? = 0
configure:4975: result: yes
configure:4975: checking for unistd.h
configure:4975: cc -c -fomit-frame-pointer -funroll-loops  -ffast-math -Ofast -fno-signed-zeros -ffp-contract=fast -mmmx -msse -flto -maes    -I/usr/local/opt/lapack/include -I/usr/local/opt/openblas/include -I/usr/local/opt/llvm/include -I/usr/local/opt/sqlite/include -I/usr/local/opt/readline/include -I/usr/local/opt/openssl@1.1/include  conftest.c >&5
configure:4975: $? = 0
configure:4975: result: yes
configure:4988: checking minix/config.h usability
configure:4988: cc -c -fomit-frame-pointer -funroll-loops  -ffast-math -Ofast -fno-signed-zeros -ffp-contract=fast -mmmx -msse -flto -maes    -I/usr/local/opt/lapack/include -I/usr/local/opt/openblas/include -I/usr/local/opt/llvm/include -I/usr/local/opt/sqlite/include -I/usr/local/opt/readline/include -I/usr/local/opt/openssl@1.1/include  conftest.c >&5
conftest.c:54:10: fatal error: 'minix/config.h' file not found
#include <minix/config.h>
         ^
1 error generated.
configure:4988: $? = 1
configure: failed program was:
| /* confdefs.h */
| #define PACKAGE_NAME "libibverbs"
| #define PACKAGE_TARNAME "libibverbs"
| #define PACKAGE_VERSION "1.2.1mlnx1"
| #define PACKAGE_STRING "libibverbs 1.2.1mlnx1"
| #define PACKAGE_BUGREPORT "linux-rdma@vger.kernel.org"
| #define PACKAGE_URL ""
| #define PACKAGE "libibverbs"
| #define VERSION "1.2.1mlnx1"
| #define STDC_HEADERS 1
| #define HAVE_SYS_TYPES_H 1
| #define HAVE_SYS_STAT_H 1
| #define HAVE_STDLIB_H 1
| #define HAVE_STRING_H 1
| #define HAVE_MEMORY_H 1
| #define HAVE_STRINGS_H 1
| #define HAVE_INTTYPES_H 1
| #define HAVE_STDINT_H 1
| #define HAVE_UNISTD_H 1
| /* end confdefs.h.  */
| #include <stdio.h>
| #ifdef HAVE_SYS_TYPES_H
| # include <sys/types.h>
| #endif
| #ifdef HAVE_SYS_STAT_H
| # include <sys/stat.h>
| #endif
| #ifdef STDC_HEADERS
| # include <stdlib.h>
| # include <stddef.h>
| #else
| # ifdef HAVE_STDLIB_H
| #  include <stdlib.h>
| # endif
| #endif
| #ifdef HAVE_STRING_H
| # if !defined STDC_HEADERS && defined HAVE_MEMORY_H
| #  include <memory.h>
| # endif
| # include <string.h>
| #endif
| #ifdef HAVE_STRINGS_H
| # include <strings.h>
| #endif
| #ifdef HAVE_INTTYPES_H
| # include <inttypes.h>
| #endif
| #ifdef HAVE_STDINT_H
| # include <stdint.h>
| #endif
| #ifdef HAVE_UNISTD_H
| # include <unistd.h>
| #endif
| #include <minix/config.h>
configure:4988: result: no
configure:4988: checking minix/config.h presence
configure:4988: cc -E -I/usr/local/opt/lapack/include -I/usr/local/opt/openblas/include -I/usr/local/opt/llvm/include -I/usr/local/opt/sqlite/include -I/usr/local/opt/readline/include -I/usr/local/opt/openssl@1.1/include  conftest.c
conftest.c:21:10: fatal error: 'minix/config.h' file not found
#include <minix/config.h>
         ^
1 error generated.
configure:4988: $? = 1
configure: failed program was:
| /* confdefs.h */
| #define PACKAGE_NAME "libibverbs"
| #define PACKAGE_TARNAME "libibverbs"
| #define PACKAGE_VERSION "1.2.1mlnx1"
| #define PACKAGE_STRING "libibverbs 1.2.1mlnx1"
| #define PACKAGE_BUGREPORT "linux-rdma@vger.kernel.org"
| #define PACKAGE_URL ""
| #define PACKAGE "libibverbs"
| #define VERSION "1.2.1mlnx1"
| #define STDC_HEADERS 1
| #define HAVE_SYS_TYPES_H 1
| #define HAVE_SYS_STAT_H 1
| #define HAVE_STDLIB_H 1
| #define HAVE_STRING_H 1
| #define HAVE_MEMORY_H 1
| #define HAVE_STRINGS_H 1
| #define HAVE_INTTYPES_H 1
| #define HAVE_STDINT_H 1
| #define HAVE_UNISTD_H 1
| /* end confdefs.h.  */
| #include <minix/config.h>
configure:4988: result: no
configure:4988: checking for minix/config.h
configure:4988: result: no
configure:5009: checking whether it is safe to define __EXTENSIONS__
configure:5027: cc -c -fomit-frame-pointer -funroll-loops  -ffast-math -Ofast -fno-signed-zeros -ffp-contract=fast -mmmx -msse -flto -maes    -I/usr/local/opt/lapack/include -I/usr/local/opt/openblas/include -I/usr/local/opt/llvm/include -I/usr/local/opt/sqlite/include -I/usr/local/opt/readline/include -I/usr/local/opt/openssl@1.1/include  conftest.c >&5
configure:5027: $? = 0
configure:5034: result: yes
configure:5049: checking whether ln -s works
configure:5053: result: yes
configure:5089: checking build system type
configure:5103: result: x86_64-apple-darwin16.7.0
configure:5123: checking host system type
configure:5136: result: x86_64-apple-darwin16.7.0
configure:5177: checking how to print strings
configure:5204: result: printf
configure:5225: checking for a sed that does not truncate output
configure:5289: result: /usr/local/opt/gnu-sed/libexec/gnubin/sed
configure:5307: checking for fgrep
configure:5369: result: /usr/local/bin/grep -F
configure:5404: checking for ld used by cc
configure:5471: result: /Applications/Xcode.app/Contents/Developer/Toolchains/XcodeDefault.xctoolchain/usr/bin/ld
configure:5478: checking if the linker (/Applications/Xcode.app/Contents/Developer/Toolchains/XcodeDefault.xctoolchain/usr/bin/ld) is GNU ld
configure:5493: result: no
configure:5505: checking for BSD- or MS-compatible name lister (nm)
configure:5559: result: /usr/bin/nm -B
configure:5689: checking the name lister (/usr/bin/nm -B) interface
configure:5696: cc -c -fomit-frame-pointer -funroll-loops  -ffast-math -Ofast -fno-signed-zeros -ffp-contract=fast -mmmx -msse -flto -maes    -I/usr/local/opt/lapack/include -I/usr/local/opt/openblas/include -I/usr/local/opt/llvm/include -I/usr/local/opt/sqlite/include -I/usr/local/opt/readline/include -I/usr/local/opt/openssl@1.1/include  conftest.c >&5
configure:5699: /usr/bin/nm -B "conftest.o"
configure:5702: output
---------------- D _some_variable
configure:5709: result: BSD nm
configure:5713: checking the maximum length of command line arguments
configure:5844: result: 196608
configure:5892: checking how to convert x86_64-apple-darwin16.7.0 file names to x86_64-apple-darwin16.7.0 format
configure:5932: result: func_convert_file_noop
configure:5939: checking how to convert x86_64-apple-darwin16.7.0 file names to toolchain format
configure:5959: result: func_convert_file_noop
configure:5966: checking for /Applications/Xcode.app/Contents/Developer/Toolchains/XcodeDefault.xctoolchain/usr/bin/ld option to reload object files
configure:5973: result: -r
configure:6047: checking for objdump
configure:6063: found /usr/bin/objdump
configure:6074: result: objdump
configure:6106: checking how to recognize dependent libraries
configure:6306: result: pass_all
configure:6391: checking for dlltool
configure:6421: result: no
configure:6451: checking how to associate runtime and link libraries
configure:6478: result: printf %s\n
configure:6538: checking for ar
configure:6554: found /usr/bin/ar
configure:6565: result: ar
configure:6602: checking for archiver @FILE support
configure:6619: cc -c -fomit-frame-pointer -funroll-loops  -ffast-math -Ofast -fno-signed-zeros -ffp-contract=fast -mmmx -msse -flto -maes    -I/usr/local/opt/lapack/include -I/usr/local/opt/openblas/include -I/usr/local/opt/llvm/include -I/usr/local/opt/sqlite/include -I/usr/local/opt/readline/include -I/usr/local/opt/openssl@1.1/include  conftest.c >&5
configure:6619: $? = 0
configure:6622: ar cru libconftest.a @conftest.lst >&5
ar: @conftest.lst: No such file or directory
configure:6625: $? = 1
configure:6645: result: no
configure:6703: checking for strip
configure:6719: found /usr/bin/strip
configure:6730: result: strip
configure:6802: checking for ranlib
configure:6818: found /usr/bin/ranlib
configure:6829: result: ranlib
configure:6931: checking command to parse /usr/bin/nm -B output from cc object
configure:7084: cc -c -fomit-frame-pointer -funroll-loops  -ffast-math -Ofast -fno-signed-zeros -ffp-contract=fast -mmmx -msse -flto -maes    -I/usr/local/opt/lapack/include -I/usr/local/opt/openblas/include -I/usr/local/opt/llvm/include -I/usr/local/opt/sqlite/include -I/usr/local/opt/readline/include -I/usr/local/opt/openssl@1.1/include  conftest.c >&5
configure:7087: $? = 0
configure:7091: /usr/bin/nm -B conftest.o \| sed -n -e 's/^.*[ ]\([BCDEGRST][BCDEGRST]*\)[ ][ ]*\([_A-Za-z][_A-Za-z0-9]*\)$/\1 \2 \2/p' | sed '/ __gnu_lto/d' \> conftest.nm
configure:7094: $? = 0
cannot find nm_test_var in conftest.nm
configure:7084: cc -c -fomit-frame-pointer -funroll-loops  -ffast-math -Ofast -fno-signed-zeros -ffp-contract=fast -mmmx -msse -flto -maes    -I/usr/local/opt/lapack/include -I/usr/local/opt/openblas/include -I/usr/local/opt/llvm/include -I/usr/local/opt/sqlite/include -I/usr/local/opt/readline/include -I/usr/local/opt/openssl@1.1/include  conftest.c >&5
configure:7087: $? = 0
configure:7091: /usr/bin/nm -B conftest.o \| sed -n -e 's/^.*[ ]\([BCDEGRST][BCDEGRST]*\)[ ][ ]*_\([_A-Za-z][_A-Za-z0-9]*\)$/\1 _\2 \2/p' | sed '/ __gnu_lto/d' \> conftest.nm
configure:7094: $? = 0
configure:7160: cc -o conftest -fomit-frame-pointer -funroll-loops  -ffast-math -Ofast -fno-signed-zeros -ffp-contract=fast -mmmx -msse -flto -maes    -I/usr/local/opt/lapack/include -I/usr/local/opt/openblas/include -I/usr/local/opt/llvm/include -I/usr/local/opt/sqlite/include -I/usr/local/opt/readline/include -I/usr/local/opt/openssl@1.1/include  -L/usr/local/opt/lapack/lib -L/usr/local/opt/openblas/lib -L/usr/local/opt/llvm/lib -L/usr/local/opt/sqlite/lib -L/usr/local/opt/readline/lib -L/usr/local/opt/openssl@1.1/lib  conftest.c conftstm.o >&5
configure:7163: $? = 0
configure:7201: result: ok
configure:7248: checking for sysroot
configure:7278: result: no
configure:7285: checking for a working dd
configure:7323: result: /usr/local/opt/coreutils/libexec/gnubin/dd
configure:7327: checking how to truncate binary pipes
configure:7342: result: /usr/local/opt/coreutils/libexec/gnubin/dd bs=4096 count=1
configure:7671: checking for mt
configure:7701: result: no
configure:7721: checking if : is a manifest tool
configure:7727: : '-?'
configure:7735: result: no
configure:7791: checking for dsymutil
configure:7807: found /usr/bin/dsymutil
configure:7818: result: dsymutil
configure:7883: checking for nmedit
configure:7899: found /usr/bin/nmedit
configure:7910: result: nmedit
configure:7975: checking for lipo
configure:7991: found /usr/bin/lipo
configure:8002: result: lipo
configure:8067: checking for otool
configure:8083: found /usr/bin/otool
configure:8094: result: otool
configure:8159: checking for otool64
configure:8189: result: no
configure:8234: checking for -single_module linker flag
cc -fomit-frame-pointer -funroll-loops  -ffast-math -Ofast -fno-signed-zeros -ffp-contract=fast -mmmx -msse -flto -maes    -L/usr/local/opt/lapack/lib -L/usr/local/opt/openblas/lib -L/usr/local/opt/llvm/lib -L/usr/local/opt/sqlite/lib -L/usr/local/opt/readline/lib -L/usr/local/opt/openssl@1.1/lib  -o libconftest.dylib -dynamiclib -Wl,-single_module conftest.c
configure:8267: result: yes
configure:8270: checking for -exported_symbols_list linker flag
configure:8290: cc -o conftest -fomit-frame-pointer -funroll-loops  -ffast-math -Ofast -fno-signed-zeros -ffp-contract=fast -mmmx -msse -flto -maes    -I/usr/local/opt/lapack/include -I/usr/local/opt/openblas/include -I/usr/local/opt/llvm/include -I/usr/local/opt/sqlite/include -I/usr/local/opt/readline/include -I/usr/local/opt/openssl@1.1/include  -L/usr/local/opt/lapack/lib -L/usr/local/opt/openblas/lib -L/usr/local/opt/llvm/lib -L/usr/local/opt/sqlite/lib -L/usr/local/opt/readline/lib -L/usr/local/opt/openssl@1.1/lib  -Wl,-exported_symbols_list,conftest.sym conftest.c  >&5
configure:8290: $? = 0
configure:8300: result: yes
configure:8303: checking for -force_load linker flag
cc -fomit-frame-pointer -funroll-loops  -ffast-math -Ofast -fno-signed-zeros -ffp-contract=fast -mmmx -msse -flto -maes    -c -o conftest.o conftest.c
ar cru libconftest.a conftest.o
ranlib libconftest.a
cc -fomit-frame-pointer -funroll-loops  -ffast-math -Ofast -fno-signed-zeros -ffp-contract=fast -mmmx -msse -flto -maes    -L/usr/local/opt/lapack/lib -L/usr/local/opt/openblas/lib -L/usr/local/opt/llvm/lib -L/usr/local/opt/sqlite/lib -L/usr/local/opt/readline/lib -L/usr/local/opt/openssl@1.1/lib  -o conftest conftest.c -Wl,-force_load,./libconftest.a
configure:8335: result: no
configure:8409: checking for dlfcn.h
configure:8409: cc -c -fomit-frame-pointer -funroll-loops  -ffast-math -Ofast -fno-signed-zeros -ffp-contract=fast -mmmx -msse -flto -maes    -I/usr/local/opt/lapack/include -I/usr/local/opt/openblas/include -I/usr/local/opt/llvm/include -I/usr/local/opt/sqlite/include -I/usr/local/opt/readline/include -I/usr/local/opt/openssl@1.1/include  conftest.c >&5
configure:8409: $? = 0
configure:8409: result: yes
configure:8676: checking for objdir
configure:8691: result: .libs
configure:8955: checking if cc supports -fno-rtti -fno-exceptions
configure:8973: cc -c -fomit-frame-pointer -funroll-loops  -ffast-math -Ofast -fno-signed-zeros -ffp-contract=fast -mmmx -msse -flto -maes    -I/usr/local/opt/lapack/include -I/usr/local/opt/openblas/include -I/usr/local/opt/llvm/include -I/usr/local/opt/sqlite/include -I/usr/local/opt/readline/include -I/usr/local/opt/openssl@1.1/include  -fno-rtti -fno-exceptions conftest.c >&5
configure:8977: $? = 0
configure:8990: result: yes
configure:9348: checking for cc option to produce PIC
configure:9355: result: -fno-common -DPIC
configure:9363: checking if cc PIC flag -fno-common -DPIC works
configure:9381: cc -c -fomit-frame-pointer -funroll-loops  -ffast-math -Ofast -fno-signed-zeros -ffp-contract=fast -mmmx -msse -flto -maes    -I/usr/local/opt/lapack/include -I/usr/local/opt/openblas/include -I/usr/local/opt/llvm/include -I/usr/local/opt/sqlite/include -I/usr/local/opt/readline/include -I/usr/local/opt/openssl@1.1/include  -fno-common -DPIC -DPIC conftest.c >&5
configure:9385: $? = 0
configure:9398: result: yes
configure:9427: checking if cc static flag -static works
configure:9455: result: no
configure:9470: checking if cc supports -c -o file.o
configure:9491: cc -c -fomit-frame-pointer -funroll-loops  -ffast-math -Ofast -fno-signed-zeros -ffp-contract=fast -mmmx -msse -flto -maes    -I/usr/local/opt/lapack/include -I/usr/local/opt/openblas/include -I/usr/local/opt/llvm/include -I/usr/local/opt/sqlite/include -I/usr/local/opt/readline/include -I/usr/local/opt/openssl@1.1/include  -o out/conftest2.o conftest.c >&5
configure:9495: $? = 0
configure:9517: result: yes
configure:9525: checking if cc supports -c -o file.o
configure:9572: result: yes
configure:9605: checking whether the cc linker (/Applications/Xcode.app/Contents/Developer/Toolchains/XcodeDefault.xctoolchain/usr/bin/ld) supports shared libraries
configure:10864: result: yes
configure:11104: checking dynamic linker characteristics
configure:11922: result: darwin16.7.0 dyld
configure:12044: checking how to hardcode library paths into programs
configure:12069: result: immediate
configure:12617: checking whether stripping libraries is possible
configure:12631: result: yes
configure:12657: checking if libtool supports shared libraries
configure:12659: result: yes
configure:12662: checking whether to build shared libraries
configure:12687: result: yes
configure:12690: checking whether to build static libraries
configure:12694: result: yes
configure:12717: checking how to run the C++ preprocessor
configure:12783: result: g++ -E
configure:12803: g++ -E -I/usr/local/opt/lapack/include -I/usr/local/opt/openblas/include -I/usr/local/opt/llvm/include -I/usr/local/opt/sqlite/include -I/usr/local/opt/readline/include -I/usr/local/opt/openssl@1.1/include  conftest.cpp
configure:12803: $? = 0
configure:12817: g++ -E -I/usr/local/opt/lapack/include -I/usr/local/opt/openblas/include -I/usr/local/opt/llvm/include -I/usr/local/opt/sqlite/include -I/usr/local/opt/readline/include -I/usr/local/opt/openssl@1.1/include  conftest.cpp
conftest.cpp:28:10: fatal error: 'ac_nonexistent.h' file not found
#include <ac_nonexistent.h>
         ^
1 error generated.
configure:12817: $? = 1
configure: failed program was:
| /* confdefs.h */
| #define PACKAGE_NAME "libibverbs"
| #define PACKAGE_TARNAME "libibverbs"
| #define PACKAGE_VERSION "1.2.1mlnx1"
| #define PACKAGE_STRING "libibverbs 1.2.1mlnx1"
| #define PACKAGE_BUGREPORT "linux-rdma@vger.kernel.org"
| #define PACKAGE_URL ""
| #define PACKAGE "libibverbs"
| #define VERSION "1.2.1mlnx1"
| #define STDC_HEADERS 1
| #define HAVE_SYS_TYPES_H 1
| #define HAVE_SYS_STAT_H 1
| #define HAVE_STDLIB_H 1
| #define HAVE_STRING_H 1
| #define HAVE_MEMORY_H 1
| #define HAVE_STRINGS_H 1
| #define HAVE_INTTYPES_H 1
| #define HAVE_STDINT_H 1
| #define HAVE_UNISTD_H 1
| #define __EXTENSIONS__ 1
| #define _ALL_SOURCE 1
| #define _GNU_SOURCE 1
| #define _POSIX_PTHREAD_SEMANTICS 1
| #define _TANDEM_SOURCE 1
| #define HAVE_DLFCN_H 1
| #define LT_OBJDIR ".libs/"
| /* end confdefs.h.  */
| #include <ac_nonexistent.h>
configure:12979: checking for ld used by g++
configure:13046: result: /Applications/Xcode.app/Contents/Developer/Toolchains/XcodeDefault.xctoolchain/usr/bin/ld
configure:13053: checking if the linker (/Applications/Xcode.app/Contents/Developer/Toolchains/XcodeDefault.xctoolchain/usr/bin/ld) is GNU ld
configure:13068: result: no
configure:13123: checking whether the g++ linker (/Applications/Xcode.app/Contents/Developer/Toolchains/XcodeDefault.xctoolchain/usr/bin/ld) supports shared libraries
configure:14196: result: yes
configure:14232: g++ -c -g -O2 -I/usr/local/opt/lapack/include -I/usr/local/opt/openblas/include -I/usr/local/opt/llvm/include -I/usr/local/opt/sqlite/include -I/usr/local/opt/readline/include -I/usr/local/opt/openssl@1.1/include  conftest.cpp >&5
configure:14235: $? = 0
configure:14716: checking for g++ option to produce PIC
configure:14723: result: -fno-common -DPIC
configure:14731: checking if g++ PIC flag -fno-common -DPIC works
configure:14749: g++ -c -g -O2 -I/usr/local/opt/lapack/include -I/usr/local/opt/openblas/include -I/usr/local/opt/llvm/include -I/usr/local/opt/sqlite/include -I/usr/local/opt/readline/include -I/usr/local/opt/openssl@1.1/include  -fno-common -DPIC -DPIC conftest.cpp >&5
configure:14753: $? = 0
configure:14766: result: yes
configure:14789: checking if g++ static flag -static works
configure:14817: result: no
configure:14829: checking if g++ supports -c -o file.o
configure:14850: g++ -c -g -O2 -I/usr/local/opt/lapack/include -I/usr/local/opt/openblas/include -I/usr/local/opt/llvm/include -I/usr/local/opt/sqlite/include -I/usr/local/opt/readline/include -I/usr/local/opt/openssl@1.1/include  -o out/conftest2.o conftest.cpp >&5
configure:14854: $? = 0
configure:14876: result: yes
configure:14881: checking if g++ supports -c -o file.o
configure:14928: result: yes
configure:14958: checking whether the g++ linker (/Applications/Xcode.app/Contents/Developer/Toolchains/XcodeDefault.xctoolchain/usr/bin/ld) supports shared libraries
configure:14998: result: yes
configure:15139: checking dynamic linker characteristics
configure:15884: result: darwin16.7.0 dyld
configure:15949: checking how to hardcode library paths into programs
configure:15974: result: immediate
configure:16140: checking for pkg-config
configure:16158: found /usr/local/bin/pkg-config
configure:16170: result: /usr/local/bin/pkg-config
configure:16195: checking pkg-config is at least version 0.9.0
configure:16198: result: yes
configure:16208: checking for libnl-3.0
configure:16215: $PKG_CONFIG --exists --print-errors "libnl-3.0"
Package libnl-3.0 was not found in the pkg-config search path.
Perhaps you should add the directory containing `libnl-3.0.pc'
to the PKG_CONFIG_PATH environment variable
No package 'libnl-3.0' found
configure:16218: $? = 1
configure:16232: $PKG_CONFIG --exists --print-errors "libnl-3.0"
Package libnl-3.0 was not found in the pkg-config search path.
Perhaps you should add the directory containing `libnl-3.0.pc'
to the PKG_CONFIG_PATH environment variable
No package 'libnl-3.0' found
configure:16235: $? = 1
configure:16249: result: no
No package 'libnl-3.0' found
configure:16382: checking for libnl-3.0 >= 3.2.15 libnl-3.0 < 3.2.22
configure:16389: $PKG_CONFIG --exists --print-errors "libnl-3.0 >= 3.2.15 libnl-3.0 < 3.2.22"
Package libnl-3.0 was not found in the pkg-config search path.
Perhaps you should add the directory containing `libnl-3.0.pc'
to the PKG_CONFIG_PATH environment variable
No package 'libnl-3.0' found
Package libnl-3.0 was not found in the pkg-config search path.
Perhaps you should add the directory containing `libnl-3.0.pc'
to the PKG_CONFIG_PATH environment variable
No package 'libnl-3.0' found
configure:16392: $? = 1
configure:16406: $PKG_CONFIG --exists --print-errors "libnl-3.0 >= 3.2.15 libnl-3.0 < 3.2.22"
Package libnl-3.0 was not found in the pkg-config search path.
Perhaps you should add the directory containing `libnl-3.0.pc'
to the PKG_CONFIG_PATH environment variable
No package 'libnl-3.0' found
Package libnl-3.0 was not found in the pkg-config search path.
Perhaps you should add the directory containing `libnl-3.0.pc'
to the PKG_CONFIG_PATH environment variable
No package 'libnl-3.0' found
configure:16409: $? = 1
configure:16423: result: no
No package 'libnl-3.0' found
No package 'libnl-3.0' found
configure:16457: checking for libnl-1
configure:16464: $PKG_CONFIG --exists --print-errors "libnl-1"
Package libnl-1 was not found in the pkg-config search path.
Perhaps you should add the directory containing `libnl-1.pc'
to the PKG_CONFIG_PATH environment variable
No package 'libnl-1' found
configure:16467: $? = 1
configure:16481: $PKG_CONFIG --exists --print-errors "libnl-1"
Package libnl-1 was not found in the pkg-config search path.
Perhaps you should add the directory containing `libnl-1.pc'
to the PKG_CONFIG_PATH environment variable
No package 'libnl-1' found
configure:16484: $? = 1
configure:16498: result: no
No package 'libnl-1' found
configure:16515: error: libibverbs requires libnl.

## ---------------- ##
## Cache variables. ##
## ---------------- ##

ac_cv_build=x86_64-apple-darwin16.7.0
ac_cv_c_compiler_gnu=yes
ac_cv_cxx_compiler_gnu=yes
ac_cv_env_CCC_set=
ac_cv_env_CCC_value=
ac_cv_env_CC_set=set
ac_cv_env_CC_value=cc
ac_cv_env_CFLAGS_set=set
ac_cv_env_CFLAGS_value='-fomit-frame-pointer -funroll-loops  -ffast-math -Ofast -fno-signed-zeros -ffp-contract=fast -mmmx -msse -flto -maes   '
ac_cv_env_CPPFLAGS_set=set
ac_cv_env_CPPFLAGS_value='-I/usr/local/opt/lapack/include -I/usr/local/opt/openblas/include -I/usr/local/opt/llvm/include -I/usr/local/opt/sqlite/include -I/usr/local/opt/readline/include -I/usr/local/opt/openssl@1.1/include '
ac_cv_env_CPP_set=set
ac_cv_env_CPP_value='cc -E'
ac_cv_env_CXXCPP_set=set
ac_cv_env_CXXCPP_value='g++ -E'
ac_cv_env_CXXFLAGS_set=
ac_cv_env_CXXFLAGS_value=
ac_cv_env_CXX_set=set
ac_cv_env_CXX_value=g++
ac_cv_env_LDFLAGS_set=set
ac_cv_env_LDFLAGS_value='-L/usr/local/opt/lapack/lib -L/usr/local/opt/openblas/lib -L/usr/local/opt/llvm/lib -L/usr/local/opt/sqlite/lib -L/usr/local/opt/readline/lib -L/usr/local/opt/openssl@1.1/lib '
ac_cv_env_LIBNL3_BUG_CFLAGS_set=
ac_cv_env_LIBNL3_BUG_CFLAGS_value=
ac_cv_env_LIBNL3_BUG_LIBS_set=
ac_cv_env_LIBNL3_BUG_LIBS_value=
ac_cv_env_LIBNL_CFLAGS_set=
ac_cv_env_LIBNL_CFLAGS_value=
ac_cv_env_LIBNL_LIBS_set=
ac_cv_env_LIBNL_LIBS_value=
ac_cv_env_LIBNL_ROUTE3_CFLAGS_set=
ac_cv_env_LIBNL_ROUTE3_CFLAGS_value=
ac_cv_env_LIBNL_ROUTE3_LIBS_set=
ac_cv_env_LIBNL_ROUTE3_LIBS_value=
ac_cv_env_LIBS_set=
ac_cv_env_LIBS_value=
ac_cv_env_LT_SYS_LIBRARY_PATH_set=
ac_cv_env_LT_SYS_LIBRARY_PATH_value=
ac_cv_env_PKG_CONFIG_LIBDIR_set=
ac_cv_env_PKG_CONFIG_LIBDIR_value=
ac_cv_env_PKG_CONFIG_PATH_set=
ac_cv_env_PKG_CONFIG_PATH_value=
ac_cv_env_PKG_CONFIG_set=
ac_cv_env_PKG_CONFIG_value=
ac_cv_env_build_alias_set=
ac_cv_env_build_alias_value=
ac_cv_env_host_alias_set=
ac_cv_env_host_alias_value=
ac_cv_env_target_alias_set=
ac_cv_env_target_alias_value=
ac_cv_header_dlfcn_h=yes
ac_cv_header_inttypes_h=yes
ac_cv_header_memory_h=yes
ac_cv_header_minix_config_h=no
ac_cv_header_stdc=yes
ac_cv_header_stdint_h=yes
ac_cv_header_stdlib_h=yes
ac_cv_header_string_h=yes
ac_cv_header_strings_h=yes
ac_cv_header_sys_stat_h=yes
ac_cv_header_sys_types_h=yes
ac_cv_header_unistd_h=yes
ac_cv_host=x86_64-apple-darwin16.7.0
ac_cv_objext=o
ac_cv_path_EGREP='/usr/local/bin/grep -E'
ac_cv_path_FGREP='/usr/local/bin/grep -F'
ac_cv_path_GREP=/usr/local/bin/grep
ac_cv_path_SED=/usr/local/opt/gnu-sed/libexec/gnubin/sed
ac_cv_path_ac_pt_PKG_CONFIG=/usr/local/bin/pkg-config
ac_cv_path_install='/usr/local/opt/coreutils/libexec/gnubin/install -c'
ac_cv_path_lt_DD=/usr/local/opt/coreutils/libexec/gnubin/dd
ac_cv_path_mkdir=/usr/local/opt/coreutils/libexec/gnubin/mkdir
ac_cv_prog_AWK=gawk
ac_cv_prog_CPP='cc -E'
ac_cv_prog_CXXCPP='g++ -E'
ac_cv_prog_ac_ct_AR=ar
ac_cv_prog_ac_ct_CC=cc
ac_cv_prog_ac_ct_DSYMUTIL=dsymutil
ac_cv_prog_ac_ct_LIPO=lipo
ac_cv_prog_ac_ct_NMEDIT=nmedit
ac_cv_prog_ac_ct_OBJDUMP=objdump
ac_cv_prog_ac_ct_OTOOL=otool
ac_cv_prog_ac_ct_RANLIB=ranlib
ac_cv_prog_ac_ct_STRIP=strip
ac_cv_prog_cc_c89=
ac_cv_prog_cc_g=yes
ac_cv_prog_cxx_g=yes
ac_cv_prog_make_make_set=yes
ac_cv_safe_to_define___extensions__=yes
am_cv_CC_dependencies_compiler_type=gcc3
am_cv_CXX_dependencies_compiler_type=gcc3
am_cv_make_support_nested_variables=yes
am_cv_prog_cc_c_o=yes
am_cv_prog_tar_ustar=gnutar
lt_cv_apple_cc_single_mod=yes
lt_cv_ar_at_file=no
lt_cv_deplibs_check_method=pass_all
lt_cv_file_magic_cmd='$MAGIC_CMD'
lt_cv_file_magic_test_file=
lt_cv_ld_exported_symbols_list=yes
lt_cv_ld_force_load=no
lt_cv_ld_reload_flag=-r
lt_cv_nm_interface='BSD nm'
lt_cv_objdir=.libs
lt_cv_path_LD=/Applications/Xcode.app/Contents/Developer/Toolchains/XcodeDefault.xctoolchain/usr/bin/ld
lt_cv_path_LDCXX=/Applications/Xcode.app/Contents/Developer/Toolchains/XcodeDefault.xctoolchain/usr/bin/ld
lt_cv_path_NM='/usr/bin/nm -B'
lt_cv_path_mainfest_tool=no
lt_cv_prog_compiler_c_o=yes
lt_cv_prog_compiler_c_o_CXX=yes
lt_cv_prog_compiler_pic='-fno-common -DPIC'
lt_cv_prog_compiler_pic_CXX='-fno-common -DPIC'
lt_cv_prog_compiler_pic_works=yes
lt_cv_prog_compiler_pic_works_CXX=yes
lt_cv_prog_compiler_rtti_exceptions=yes
lt_cv_prog_compiler_static_works=no
lt_cv_prog_compiler_static_works_CXX=no
lt_cv_prog_gnu_ld=no
lt_cv_prog_gnu_ldcxx=no
lt_cv_sharedlib_from_linklib_cmd='printf %s\n'
lt_cv_sys_global_symbol_pipe='sed -n -e '\''s/^.*[	 ]\([BCDEGRST][BCDEGRST]*\)[	 ][	 ]*_\([_A-Za-z][_A-Za-z0-9]*\)$/\1 _\2 \2/p'\'' | sed '\''/ __gnu_lto/d'\'''
lt_cv_sys_global_symbol_to_c_name_address='sed -n -e '\''s/^: \(.*\) .*$/  {"\1", (void *) 0},/p'\'' -e '\''s/^[BCDEGRST][BCDEGRST]* .* \(.*\)$/  {"\1", (void *) \&\1},/p'\'''
lt_cv_sys_global_symbol_to_c_name_address_lib_prefix='sed -n -e '\''s/^: \(.*\) .*$/  {"\1", (void *) 0},/p'\'' -e '\''s/^[BCDEGRST][BCDEGRST]* .* \(lib.*\)$/  {"\1", (void *) \&\1},/p'\'' -e '\''s/^[BCDEGRST][BCDEGRST]* .* \(.*\)$/  {"lib\1", (void *) \&\1},/p'\'''
lt_cv_sys_global_symbol_to_cdecl='sed -n -e '\''s/^T .* \(.*\)$/extern int \1();/p'\'' -e '\''s/^[BCDEGRST][BCDEGRST]* .* \(.*\)$/extern char \1;/p'\'''
lt_cv_sys_global_symbol_to_import=
lt_cv_sys_max_cmd_len=196608
lt_cv_to_host_file_cmd=func_convert_file_noop
lt_cv_to_tool_file_cmd=func_convert_file_noop
lt_cv_truncate_bin='/usr/local/opt/coreutils/libexec/gnubin/dd bs=4096 count=1'

## ----------------- ##
## Output variables. ##
## ----------------- ##

ACLOCAL='${SHELL} /Users/dojo/work/lab/tf_server/tensorflow/librdmacm/libibverbs/config/missing aclocal-1.15'
AMDEPBACKSLASH='\'
AMDEP_FALSE='#'
AMDEP_TRUE=''
AMTAR='$${TAR-tar}'
AM_BACKSLASH='\'
AM_DEFAULT_V='$(AM_DEFAULT_VERBOSITY)'
AM_DEFAULT_VERBOSITY='0'
AM_V='$(V)'
AR='ar'
AUTOCONF='${SHELL} /Users/dojo/work/lab/tf_server/tensorflow/librdmacm/libibverbs/config/missing autoconf'
AUTOHEADER='${SHELL} /Users/dojo/work/lab/tf_server/tensorflow/librdmacm/libibverbs/config/missing autoheader'
AUTOMAKE='${SHELL} /Users/dojo/work/lab/tf_server/tensorflow/librdmacm/libibverbs/config/missing automake-1.15'
AWK='gawk'
CC='cc'
CCDEPMODE='depmode=gcc3'
CFLAGS='-fomit-frame-pointer -funroll-loops  -ffast-math -Ofast -fno-signed-zeros -ffp-contract=fast -mmmx -msse -flto -maes   '
CPP='cc -E'
CPPFLAGS='-I/usr/local/opt/lapack/include -I/usr/local/opt/openblas/include -I/usr/local/opt/llvm/include -I/usr/local/opt/sqlite/include -I/usr/local/opt/readline/include -I/usr/local/opt/openssl@1.1/include '
CXX='g++'
CXXCPP='g++ -E'
CXXDEPMODE='depmode=gcc3'
CXXFLAGS='-g -O2'
CYGPATH_W='echo'
DEFS=''
DEPDIR='.deps'
DLLTOOL='false'
DSYMUTIL='dsymutil'
DUMPBIN=''
ECHO_C='\c'
ECHO_N=''
ECHO_T=''
EGREP='/usr/local/bin/grep -E'
EXEEXT=''
FGREP='/usr/local/bin/grep -F'
GREP='/usr/local/bin/grep'
HAVE_LIBNL_FALSE=''
HAVE_LIBNL_TRUE=''
INSTALL_DATA='${INSTALL} -m 644'
INSTALL_PROGRAM='${INSTALL}'
INSTALL_SCRIPT='${INSTALL}'
INSTALL_STRIP_PROGRAM='$(install_sh) -c -s'
LD='/Applications/Xcode.app/Contents/Developer/Toolchains/XcodeDefault.xctoolchain/usr/bin/ld'
LDFLAGS='-L/usr/local/opt/lapack/lib -L/usr/local/opt/openblas/lib -L/usr/local/opt/llvm/lib -L/usr/local/opt/sqlite/lib -L/usr/local/opt/readline/lib -L/usr/local/opt/openssl@1.1/lib '
LIBIBVERBS_VERSION_SCRIPT=''
LIBNL3_BUG_CFLAGS=''
LIBNL3_BUG_LIBS=''
LIBNL_CFLAGS=''
LIBNL_LIBS=''
LIBNL_ROUTE3_CFLAGS=''
LIBNL_ROUTE3_LIBS=''
LIBOBJS=''
LIBS=''
LIBTOOL='$(SHELL) $(top_builddir)/libtool'
LIPO='lipo'
LN_S='ln -s'
LTLIBOBJS=''
LT_SYS_LIBRARY_PATH=''
MAKEINFO='${SHELL} /Users/dojo/work/lab/tf_server/tensorflow/librdmacm/libibverbs/config/missing makeinfo'
MANIFEST_TOOL=':'
MKDIR_P='/usr/local/opt/coreutils/libexec/gnubin/mkdir -p'
NM='/usr/bin/nm -B'
NMEDIT='nmedit'
NO_RESOLVE_NEIGH_FALSE=''
NO_RESOLVE_NEIGH_TRUE=''
OBJDUMP='objdump'
OBJEXT='o'
OTOOL64=':'
OTOOL='otool'
PACKAGE='libibverbs'
PACKAGE_BUGREPORT='linux-rdma@vger.kernel.org'
PACKAGE_NAME='libibverbs'
PACKAGE_STRING='libibverbs 1.2.1mlnx1'
PACKAGE_TARNAME='libibverbs'
PACKAGE_URL=''
PACKAGE_VERSION='1.2.1mlnx1'
PATH_SEPARATOR=':'
PKG_CONFIG='/usr/local/bin/pkg-config'
PKG_CONFIG_LIBDIR=''
PKG_CONFIG_PATH=''
RANLIB='ranlib'
SED='/usr/local/opt/gnu-sed/libexec/gnubin/sed'
SET_MAKE=''
SHELL='/bin/sh'
STRIP='strip'
TEST_ENABLE_FALSE=''
TEST_ENABLE_TRUE='#'
VERSION='1.2.1mlnx1'
ac_ct_AR='ar'
ac_ct_CC='cc'
ac_ct_CXX=''
ac_ct_DUMPBIN=''
am__EXEEXT_FALSE=''
am__EXEEXT_TRUE=''
am__fastdepCC_FALSE='#'
am__fastdepCC_TRUE=''
am__fastdepCXX_FALSE='#'
am__fastdepCXX_TRUE=''
am__include='include'
am__isrc=''
am__leading_dot='.'
am__nodep='_no'
am__quote=''
am__tar='tar --format=ustar -chf - "$$tardir"'
am__untar='tar -xf -'
bindir='${exec_prefix}/bin'
build='x86_64-apple-darwin16.7.0'
build_alias=''
build_cpu='x86_64'
build_os='darwin16.7.0'
build_vendor='apple'
datadir='${datarootdir}'
datarootdir='${prefix}/share'
docdir='${datarootdir}/doc/${PACKAGE_TARNAME}'
dvidir='${docdir}'
exec_prefix='NONE'
host='x86_64-apple-darwin16.7.0'
host_alias=''
host_cpu='x86_64'
host_os='darwin16.7.0'
host_vendor='apple'
htmldir='${docdir}'
includedir='${prefix}/include'
infodir='${datarootdir}/info'
install_sh='${SHELL} /Users/dojo/work/lab/tf_server/tensorflow/librdmacm/libibverbs/config/install-sh'
libdir='${exec_prefix}/lib'
libexecdir='${exec_prefix}/libexec'
localedir='${datarootdir}/locale'
localstatedir='${prefix}/var'
mandir='${datarootdir}/man'
mkdir_p='$(MKDIR_P)'
oldincludedir='/usr/include'
pdfdir='${docdir}'
prefix='NONE'
program_transform_name='s,x,x,'
psdir='${docdir}'
sbindir='${exec_prefix}/sbin'
sharedstatedir='${prefix}/com'
sysconfdir='${prefix}/etc'
target_alias=''

## ----------- ##
## confdefs.h. ##
## ----------- ##

/* confdefs.h */
#define PACKAGE_NAME "libibverbs"
#define PACKAGE_TARNAME "libibverbs"
#define PACKAGE_VERSION "1.2.1mlnx1"
#define PACKAGE_STRING "libibverbs 1.2.1mlnx1"
#define PACKAGE_BUGREPORT "linux-rdma@vger.kernel.org"
#define PACKAGE_URL ""
#define PACKAGE "libibverbs"
#define VERSION "1.2.1mlnx1"
#define STDC_HEADERS 1
#define HAVE_SYS_TYPES_H 1
#define HAVE_SYS_STAT_H 1
#define HAVE_STDLIB_H 1
#define HAVE_STRING_H 1
#define HAVE_MEMORY_H 1
#define HAVE_STRINGS_H 1
#define HAVE_INTTYPES_H 1
#define HAVE_STDINT_H 1
#define HAVE_UNISTD_H 1
#define __EXTENSIONS__ 1
#define _ALL_SOURCE 1
#define _GNU_SOURCE 1
#define _POSIX_PTHREAD_SEMANTICS 1
#define _TANDEM_SOURCE 1
#define HAVE_DLFCN_H 1
#define LT_OBJDIR ".libs/"
#define NVALGRIND 1

configure: exit 1
